<?xml version="1.0" encoding="UTF-8"?>
<!-- Generated by org.testng.reporters.JUnitReportReporter -->
<testsuite skipped="0" hostname="DESKTOP-FL8948R" name="com.Newtours.Tests.Testcases" tests="4" failures="0" timestamp="03 Aug 2019 18:02:01 GMT" time="27.044" errors="0">
  <testcase name="registerUserdetails" time="10.642" classname="com.Newtours.Tests.Testcases"/>
  <testcase name="login" time="3.647" classname="com.Newtours.Tests.Testcases"/>
  <testcase name="bookFlightdetails" time="10.159" classname="com.Newtours.Tests.Testcases"/>
  <testcase name="invalidLogin" time="2.596" classname="com.Newtours.Tests.Testcases"/>
</testsuite> <!-- com.Newtours.Tests.Testcases -->
